<?xml version="1.0" encoding="UTF-8"?>
<!-- Generated by org.testng.reporters.JUnitReportReporter -->
<testsuite hostname="Bunti" name="pageobject.Justchecking" tests="1" failures="0" timestamp="14 Dec 2018 15:02:12 GMT" time="7.021" errors="0">
  <testcase name="browser" time="7.021" classname="pageobject.Justchecking"/>
</testsuite> <!-- pageobject.Justchecking -->
