<?xml version="1.0" encoding="UTF-8"?>
<!-- Generated by org.testng.reporters.JUnitReportReporter -->
<testsuite hostname="Bunti" name="frames.SecondCheck" tests="1" failures="0" timestamp="14 Dec 2018 15:02:12 GMT" time="8.269" errors="0">
  <testcase name="Browser" time="8.269" classname="frames.SecondCheck"/>
</testsuite> <!-- frames.SecondCheck -->
