<?xml version="1.0" encoding="UTF-8"?>
<!-- Generated by org.testng.reporters.JUnitReportReporter -->
<testsuite hostname="Bunti" name="frames.LogiTest" tests="2" failures="0" timestamp="14 Dec 2018 15:02:12 GMT" time="32.558" errors="0">
  <testcase name="execute" time="15.794" classname="frames.LogiTest"/>
  <testcase name="execute" time="16.764" classname="frames.LogiTest"/>
</testsuite> <!-- frames.LogiTest -->
