<?xml version="1.0" encoding="UTF-8"?>
<!-- Generated by org.testng.reporters.JUnitReportReporter -->
<testsuite hostname="Bunti" name="frames.LogiTest" tests="2" failures="0" timestamp="14 Dec 2018 04:40:57 GMT" time="27.724" errors="0">
  <testcase name="execute" time="10.011" classname="frames.LogiTest"/>
  <testcase name="execute" time="17.713" classname="frames.LogiTest"/>
</testsuite> <!-- frames.LogiTest -->
