<?xml version="1.0" encoding="UTF-8"?>
<!-- Generated by org.testng.reporters.JUnitReportReporter -->
<testsuite hostname="Bunti" name="Frames.Array" tests="2" failures="0" timestamp="1 Nov 2018 17:52:23 GMT" time="125.860" errors="0">
  <testcase name="execute" time="67.183" classname="Frames.Array"/>
  <testcase name="execute" time="58.677" classname="Frames.Array"/>
</testsuite> <!-- Frames.Array -->
